<?xml version="1.0" encoding="UTF-8"?>
<testng-results ignored="0" total="1" passed="1" failed="0" skipped="0">
  <reporter-output>
  </reporter-output>
  <suite started-at="2024-07-14T12:06:59 IST" name="InetBankingV1" finished-at="2024-07-14T12:07:07 IST" duration-ms="7649">
    <groups>
    </groups>
    <test started-at="2024-07-14T12:06:59 IST" name="TC_LoginDDT_002" finished-at="2024-07-14T12:07:07 IST" duration-ms="7649">
      <class name="com.inetbanking.testCases.TC_LoginTest_001">
        <test-method is-config="true" signature="setup(java.lang.String)[pri:0, instance:com.inetbanking.testCases.TC_LoginTest_001@3857f613]" started-at="2024-07-14T12:06:59 IST" name="setup" finished-at="2024-07-14T12:07:04 IST" duration-ms="5056" status="PASS">
          <params>
            <param index="0">
              <value>
                <![CDATA[chrome]]>
              </value>
            </param>
          </params>
          <reporter-output>
          </reporter-output>
        </test-method> <!-- setup -->
        <test-method signature="loginTest()[pri:0, instance:com.inetbanking.testCases.TC_LoginTest_001@3857f613]" started-at="2024-07-14T12:07:04 IST" name="loginTest" finished-at="2024-07-14T12:07:06 IST" duration-ms="2390" status="PASS">
          <reporter-output>
          </reporter-output>
        </test-method> <!-- loginTest -->
        <test-method is-config="true" signature="tearDown()[pri:0, instance:com.inetbanking.testCases.TC_LoginTest_001@3857f613]" started-at="2024-07-14T12:07:06 IST" name="tearDown" finished-at="2024-07-14T12:07:07 IST" duration-ms="158" status="PASS">
          <reporter-output>
          </reporter-output>
        </test-method> <!-- tearDown -->
      </class> <!-- com.inetbanking.testCases.TC_LoginTest_001 -->
    </test> <!-- TC_LoginDDT_002 -->
  </suite> <!-- InetBankingV1 -->
</testng-results>
